2022-08-29 14:12:20.115  INFO 54324 --- [main] c.mytvbatch.app.MyTvBatchAppApplication  : Starting MyTvBatchAppApplication using Java 17 on Deshant with PID 54324 (D:\Projects\Java\MyTVBatchApp\target\classes started by deshant in D:\Projects\Java\MyTVBatchApp)
2022-08-29 14:12:20.117  INFO 54324 --- [main] c.mytvbatch.app.MyTvBatchAppApplication  : No active profile set, falling back to 1 default profile: "default"
2022-08-29 14:12:20.556  INFO 54324 --- [main] .s.d.r.c.RepositoryConfigurationDelegate : Bootstrapping Spring Data JPA repositories in DEFAULT mode.
2022-08-29 14:12:20.588  INFO 54324 --- [main] .s.d.r.c.RepositoryConfigurationDelegate : Finished Spring Data repository scanning in 25 ms. Found 1 JPA repository interfaces.
2022-08-29 14:12:20.920  INFO 54324 --- [main] o.s.b.w.embedded.tomcat.TomcatWebServer  : Tomcat initialized with port(s): 8081 (http)
2022-08-29 14:12:20.927  INFO 54324 --- [main] o.apache.catalina.core.StandardService   : Starting service [Tomcat]
2022-08-29 14:12:20.927  INFO 54324 --- [main] org.apache.catalina.core.StandardEngine  : Starting Servlet engine: [Apache Tomcat/9.0.65]
2022-08-29 14:12:21.036  INFO 54324 --- [main] o.a.c.c.C.[Tomcat].[localhost].[/]       : Initializing Spring embedded WebApplicationContext
2022-08-29 14:12:21.036  INFO 54324 --- [main] w.s.c.ServletWebServerApplicationContext : Root WebApplicationContext: initialization completed in 883 ms
2022-08-29 14:12:21.126  INFO 54324 --- [main] com.zaxxer.hikari.HikariDataSource       : HikariPool-1 - Starting...
2022-08-29 14:12:21.387  INFO 54324 --- [main] com.zaxxer.hikari.HikariDataSource       : HikariPool-1 - Start completed.
2022-08-29 14:12:21.542  INFO 54324 --- [main] o.hibernate.jpa.internal.util.LogHelper  : HHH000204: Processing PersistenceUnitInfo [name: default]
2022-08-29 14:12:21.594  INFO 54324 --- [main] org.hibernate.Version                    : HHH000412: Hibernate ORM core version 5.6.10.Final
2022-08-29 14:12:21.723  INFO 54324 --- [main] o.hibernate.annotations.common.Version   : HCANN000001: Hibernate Commons Annotations {5.1.2.Final}
2022-08-29 14:12:21.791  INFO 54324 --- [main] org.hibernate.dialect.Dialect            : HHH000400: Using dialect: org.hibernate.dialect.MySQL8Dialect
2022-08-29 14:12:22.140  INFO 54324 --- [main] o.h.e.t.j.p.i.JtaPlatformInitiator       : HHH000490: Using JtaPlatform implementation: [org.hibernate.engine.transaction.jta.platform.internal.NoJtaPlatform]
2022-08-29 14:12:22.146  INFO 54324 --- [main] j.LocalContainerEntityManagerFactoryBean : Initialized JPA EntityManagerFactory for persistence unit 'default'
2022-08-29 14:12:22.346  INFO 54324 --- [main] hConfig$$EnhancerBySpringCGLIB$$7c0bbd11 : FlatFileItemReader method started.
2022-08-29 14:12:22.349  INFO 54324 --- [main] hConfig$$EnhancerBySpringCGLIB$$7c0bbd11 : FlatFileItemReader method executed.
2022-08-29 14:12:22.352  INFO 54324 --- [main] hConfig$$EnhancerBySpringCGLIB$$7c0bbd11 : writeDeltaToCSV method started.
2022-08-29 14:12:22.355  INFO 54324 --- [main] hConfig$$EnhancerBySpringCGLIB$$7c0bbd11 : writeDeltaToCSV method execited.
2022-08-29 14:12:22.378  INFO 54324 --- [main] hConfig$$EnhancerBySpringCGLIB$$7c0bbd11 : writeToDB method started.
2022-08-29 14:12:22.378  INFO 54324 --- [main] hConfig$$EnhancerBySpringCGLIB$$7c0bbd11 : writeToDB method execited.
2022-08-29 14:12:22.441  WARN 54324 --- [main] JpaBaseConfiguration$JpaWebConfiguration : spring.jpa.open-in-view is enabled by default. Therefore, database queries may be performed during view rendering. Explicitly configure spring.jpa.open-in-view to disable this warning
2022-08-29 14:12:22.639  WARN 54324 --- [main] o.s.b.a.batch.JpaBatchConfigurer         : JPA does not support custom isolation levels, so locks may not be taken when launching Jobs. To silence this warning, set 'spring.batch.jdbc.isolation-level-for-create' to 'default'.
2022-08-29 14:12:22.647  INFO 54324 --- [main] o.s.b.c.r.s.JobRepositoryFactoryBean     : No database type set, using meta data indicating: MYSQL
2022-08-29 14:12:22.662  INFO 54324 --- [main] o.s.b.c.l.support.SimpleJobLauncher      : No TaskExecutor has been set, defaulting to synchronous executor.
2022-08-29 14:12:22.745  INFO 54324 --- [main] o.s.b.w.embedded.tomcat.TomcatWebServer  : Tomcat started on port(s): 8081 (http) with context path ''
2022-08-29 14:12:22.756  INFO 54324 --- [main] c.mytvbatch.app.MyTvBatchAppApplication  : Started MyTvBatchAppApplication in 2.894 seconds (JVM running for 3.427)
2022-08-29 14:12:26.396  INFO 54324 --- [RMI TCP Connection(7)-127.0.0.1] inMXBeanRegistrar$SpringApplicationAdmin : Application shutdown requested.
2022-08-29 14:12:26.409  INFO 54324 --- [RMI TCP Connection(7)-127.0.0.1] o.apache.catalina.core.StandardService   : Stopping service [Tomcat]
2022-08-29 14:12:26.416  INFO 54324 --- [RMI TCP Connection(7)-127.0.0.1] j.LocalContainerEntityManagerFactoryBean : Closing JPA EntityManagerFactory for persistence unit 'default'
2022-08-29 14:12:26.418  INFO 54324 --- [RMI TCP Connection(7)-127.0.0.1] com.zaxxer.hikari.HikariDataSource       : HikariPool-1 - Shutdown initiated...
2022-08-29 14:12:26.435  INFO 54324 --- [RMI TCP Connection(7)-127.0.0.1] com.zaxxer.hikari.HikariDataSource       : HikariPool-1 - Shutdown completed.
